Release 14.2 - xst P.28xd (nt64)
Copyright (c) 1995-2012 Xilinx, Inc.  All rights reserved.
--> Parameter TMPDIR set to xst/projnav.tmp


Total REAL time to Xst completion: 0.00 secs
Total CPU time to Xst completion: 0.09 secs
 
--> Parameter xsthdpdir set to xst


Total REAL time to Xst completion: 0.00 secs
Total CPU time to Xst completion: 0.10 secs
 
--> Reading design: reg_bank.prj

TABLE OF CONTENTS
  1) Synthesis Options Summary
  2) HDL Parsing
  3) HDL Elaboration
  4) HDL Synthesis
       4.1) HDL Synthesis Report
  5) Advanced HDL Synthesis
       5.1) Advanced HDL Synthesis Report
  6) Low Level Synthesis
  7) Partition Report
  8) Design Summary
       8.1) Primitive and Black Box Usage
       8.2) Device utilization summary
       8.3) Partition Resource Summary
       8.4) Timing Report
            8.4.1) Clock Information
            8.4.2) Asynchronous Control Signals Information
            8.4.3) Timing Summary
            8.4.4) Timing Details
            8.4.5) Cross Clock Domains Report


=========================================================================
*                      Synthesis Options Summary                        *
=========================================================================
---- Source Parameters
Input File Name                    : "reg_bank.prj"
Ignore Synthesis Constraint File   : NO

---- Target Parameters
Output File Name                   : "reg_bank"
Output Format                      : NGC
Target Device                      : xc6slx45-3-csg324

---- Source Options
Top Module Name                    : reg_bank
Automatic FSM Extraction           : YES
FSM Encoding Algorithm             : Auto
Safe Implementation                : No
FSM Style                          : LUT
RAM Extraction                     : Yes
RAM Style                          : Auto
ROM Extraction                     : Yes
Shift Register Extraction          : YES
ROM Style                          : Auto
Resource Sharing                   : YES
Asynchronous To Synchronous        : NO
Shift Register Minimum Size        : 2
Use DSP Block                      : Auto
Automatic Register Balancing       : No

---- Target Options
LUT Combining                      : Auto
Reduce Control Sets                : Auto
Add IO Buffers                     : YES
Global Maximum Fanout              : 100000
Add Generic Clock Buffer(BUFG)     : 16
Register Duplication               : YES
Optimize Instantiated Primitives   : NO
Use Clock Enable                   : Auto
Use Synchronous Set                : Auto
Use Synchronous Reset              : Auto
Pack IO Registers into IOBs        : Auto
Equivalent register Removal        : YES

---- General Options
Optimization Goal                  : Speed
Optimization Effort                : 1
Power Reduction                    : NO
Keep Hierarchy                     : No
Netlist Hierarchy                  : As_Optimized
RTL Output                         : Yes
Global Optimization                : AllClockNets
Read Cores                         : YES
Write Timing Constraints           : NO
Cross Clock Analysis               : NO
Hierarchy Separator                : /
Bus Delimiter                      : <>
Case Specifier                     : Maintain
Slice Utilization Ratio            : 100
BRAM Utilization Ratio             : 100
DSP48 Utilization Ratio            : 100
Auto BRAM Packing                  : NO
Slice Utilization Ratio Delta      : 5

=========================================================================


=========================================================================
*                          HDL Parsing                                  *
=========================================================================
Parsing VHDL file "C:\Users\rjm529\CA\Lab2\reg.vhd" into library work
Parsing entity <dflip>.
Parsing architecture <arch> of entity <dflip>.
Parsing VHDL file "C:\Users\rjm529\CA\Lab2\DigEng.vhd" into library work
Parsing package <DigEng>.
Parsing package body <DigEng>.
Parsing VHDL file "C:\Users\rjm529\CA\Lab2\reg_bank.vhd" into library work
Parsing entity <reg_bank>.
Parsing architecture <Behavioral> of entity <reg_bank>.

=========================================================================
*                            HDL Elaboration                            *
=========================================================================

Elaborating entity <reg_bank> (architecture <Behavioral>) with generics from library <work>.

Elaborating entity <dflip> (architecture <arch>) from library <work>.

=========================================================================
*                           HDL Synthesis                               *
=========================================================================

Synthesizing Unit <reg_bank>.
    Related source file is "C:\Users\rjm529\CA\Lab2\reg_bank.vhd".
        Reg_Num = 8
        size = 16
    Found 1-bit tristate buffer for signal <A<15>> created at line 66
    Found 1-bit tristate buffer for signal <A<14>> created at line 66
    Found 1-bit tristate buffer for signal <A<13>> created at line 66
    Found 1-bit tristate buffer for signal <A<12>> created at line 66
    Found 1-bit tristate buffer for signal <A<11>> created at line 66
    Found 1-bit tristate buffer for signal <A<10>> created at line 66
    Found 1-bit tristate buffer for signal <A<9>> created at line 66
    Found 1-bit tristate buffer for signal <A<8>> created at line 66
    Found 1-bit tristate buffer for signal <A<7>> created at line 66
    Found 1-bit tristate buffer for signal <A<6>> created at line 66
    Found 1-bit tristate buffer for signal <A<5>> created at line 66
    Found 1-bit tristate buffer for signal <A<4>> created at line 66
    Found 1-bit tristate buffer for signal <A<3>> created at line 66
    Found 1-bit tristate buffer for signal <A<2>> created at line 66
    Found 1-bit tristate buffer for signal <A<1>> created at line 66
    Found 1-bit tristate buffer for signal <A<0>> created at line 66
    Found 1-bit tristate buffer for signal <B<15>> created at line 69
    Found 1-bit tristate buffer for signal <B<14>> created at line 69
    Found 1-bit tristate buffer for signal <B<13>> created at line 69
    Found 1-bit tristate buffer for signal <B<12>> created at line 69
    Found 1-bit tristate buffer for signal <B<11>> created at line 69
    Found 1-bit tristate buffer for signal <B<10>> created at line 69
    Found 1-bit tristate buffer for signal <B<9>> created at line 69
    Found 1-bit tristate buffer for signal <B<8>> created at line 69
    Found 1-bit tristate buffer for signal <B<7>> created at line 69
    Found 1-bit tristate buffer for signal <B<6>> created at line 69
    Found 1-bit tristate buffer for signal <B<5>> created at line 69
    Found 1-bit tristate buffer for signal <B<4>> created at line 69
    Found 1-bit tristate buffer for signal <B<3>> created at line 69
    Found 1-bit tristate buffer for signal <B<2>> created at line 69
    Found 1-bit tristate buffer for signal <B<1>> created at line 69
    Found 1-bit tristate buffer for signal <B<0>> created at line 69
    Found 1-bit tristate buffer for signal <A<15>> created at line 66
    Found 1-bit tristate buffer for signal <A<14>> created at line 66
    Found 1-bit tristate buffer for signal <A<13>> created at line 66
    Found 1-bit tristate buffer for signal <A<12>> created at line 66
    Found 1-bit tristate buffer for signal <A<11>> created at line 66
    Found 1-bit tristate buffer for signal <A<10>> created at line 66
    Found 1-bit tristate buffer for signal <A<9>> created at line 66
    Found 1-bit tristate buffer for signal <A<8>> created at line 66
    Found 1-bit tristate buffer for signal <A<7>> created at line 66
    Found 1-bit tristate buffer for signal <A<6>> created at line 66
    Found 1-bit tristate buffer for signal <A<5>> created at line 66
    Found 1-bit tristate buffer for signal <A<4>> created at line 66
    Found 1-bit tristate buffer for signal <A<3>> created at line 66
    Found 1-bit tristate buffer for signal <A<2>> created at line 66
    Found 1-bit tristate buffer for signal <A<1>> created at line 66
    Found 1-bit tristate buffer for signal <A<0>> created at line 66
    Found 1-bit tristate buffer for signal <B<15>> created at line 69
    Found 1-bit tristate buffer for signal <B<14>> created at line 69
    Found 1-bit tristate buffer for signal <B<13>> created at line 69
    Found 1-bit tristate buffer for signal <B<12>> created at line 69
    Found 1-bit tristate buffer for signal <B<11>> created at line 69
    Found 1-bit tristate buffer for signal <B<10>> created at line 69
    Found 1-bit tristate buffer for signal <B<9>> created at line 69
    Found 1-bit tristate buffer for signal <B<8>> created at line 69
    Found 1-bit tristate buffer for signal <B<7>> created at line 69
    Found 1-bit tristate buffer for signal <B<6>> created at line 69
    Found 1-bit tristate buffer for signal <B<5>> created at line 69
    Found 1-bit tristate buffer for signal <B<4>> created at line 69
    Found 1-bit tristate buffer for signal <B<3>> created at line 69
    Found 1-bit tristate buffer for signal <B<2>> created at line 69
    Found 1-bit tristate buffer for signal <B<1>> created at line 69
    Found 1-bit tristate buffer for signal <B<0>> created at line 69
    Found 1-bit tristate buffer for signal <A<15>> created at line 66
    Found 1-bit tristate buffer for signal <A<14>> created at line 66
    Found 1-bit tristate buffer for signal <A<13>> created at line 66
    Found 1-bit tristate buffer for signal <A<12>> created at line 66
    Found 1-bit tristate buffer for signal <A<11>> created at line 66
    Found 1-bit tristate buffer for signal <A<10>> created at line 66
    Found 1-bit tristate buffer for signal <A<9>> created at line 66
    Found 1-bit tristate buffer for signal <A<8>> created at line 66
    Found 1-bit tristate buffer for signal <A<7>> created at line 66
    Found 1-bit tristate buffer for signal <A<6>> created at line 66
    Found 1-bit tristate buffer for signal <A<5>> created at line 66
    Found 1-bit tristate buffer for signal <A<4>> created at line 66
    Found 1-bit tristate buffer for signal <A<3>> created at line 66
    Found 1-bit tristate buffer for signal <A<2>> created at line 66
    Found 1-bit tristate buffer for signal <A<1>> created at line 66
    Found 1-bit tristate buffer for signal <A<0>> created at line 66
    Found 1-bit tristate buffer for signal <B<15>> created at line 69
    Found 1-bit tristate buffer for signal <B<14>> created at line 69
    Found 1-bit tristate buffer for signal <B<13>> created at line 69
    Found 1-bit tristate buffer for signal <B<12>> created at line 69
    Found 1-bit tristate buffer for signal <B<11>> created at line 69
    Found 1-bit tristate buffer for signal <B<10>> created at line 69
    Found 1-bit tristate buffer for signal <B<9>> created at line 69
    Found 1-bit tristate buffer for signal <B<8>> created at line 69
    Found 1-bit tristate buffer for signal <B<7>> created at line 69
    Found 1-bit tristate buffer for signal <B<6>> created at line 69
    Found 1-bit tristate buffer for signal <B<5>> created at line 69
    Found 1-bit tristate buffer for signal <B<4>> created at line 69
    Found 1-bit tristate buffer for signal <B<3>> created at line 69
    Found 1-bit tristate buffer for signal <B<2>> created at line 69
    Found 1-bit tristate buffer for signal <B<1>> created at line 69
    Found 1-bit tristate buffer for signal <B<0>> created at line 69
    Found 1-bit tristate buffer for signal <A<15>> created at line 66
    Found 1-bit tristate buffer for signal <A<14>> created at line 66
    Found 1-bit tristate buffer for signal <A<13>> created at line 66
    Found 1-bit tristate buffer for signal <A<12>> created at line 66
    Found 1-bit tristate buffer for signal <A<11>> created at line 66
    Found 1-bit tristate buffer for signal <A<10>> created at line 66
    Found 1-bit tristate buffer for signal <A<9>> created at line 66
    Found 1-bit tristate buffer for signal <A<8>> created at line 66
    Found 1-bit tristate buffer for signal <A<7>> created at line 66
    Found 1-bit tristate buffer for signal <A<6>> created at line 66
    Found 1-bit tristate buffer for signal <A<5>> created at line 66
    Found 1-bit tristate buffer for signal <A<4>> created at line 66
    Found 1-bit tristate buffer for signal <A<3>> created at line 66
    Found 1-bit tristate buffer for signal <A<2>> created at line 66
    Found 1-bit tristate buffer for signal <A<1>> created at line 66
    Found 1-bit tristate buffer for signal <A<0>> created at line 66
    Found 1-bit tristate buffer for signal <B<15>> created at line 69
    Found 1-bit tristate buffer for signal <B<14>> created at line 69
    Found 1-bit tristate buffer for signal <B<13>> created at line 69
    Found 1-bit tristate buffer for signal <B<12>> created at line 69
    Found 1-bit tristate buffer for signal <B<11>> created at line 69
    Found 1-bit tristate buffer for signal <B<10>> created at line 69
    Found 1-bit tristate buffer for signal <B<9>> created at line 69
    Found 1-bit tristate buffer for signal <B<8>> created at line 69
    Found 1-bit tristate buffer for signal <B<7>> created at line 69
    Found 1-bit tristate buffer for signal <B<6>> created at line 69
    Found 1-bit tristate buffer for signal <B<5>> created at line 69
    Found 1-bit tristate buffer for signal <B<4>> created at line 69
    Found 1-bit tristate buffer for signal <B<3>> created at line 69
    Found 1-bit tristate buffer for signal <B<2>> created at line 69
    Found 1-bit tristate buffer for signal <B<1>> created at line 69
    Found 1-bit tristate buffer for signal <B<0>> created at line 69
    Found 1-bit tristate buffer for signal <A<15>> created at line 66
    Found 1-bit tristate buffer for signal <A<14>> created at line 66
    Found 1-bit tristate buffer for signal <A<13>> created at line 66
    Found 1-bit tristate buffer for signal <A<12>> created at line 66
    Found 1-bit tristate buffer for signal <A<11>> created at line 66
    Found 1-bit tristate buffer for signal <A<10>> created at line 66
    Found 1-bit tristate buffer for signal <A<9>> created at line 66
    Found 1-bit tristate buffer for signal <A<8>> created at line 66
    Found 1-bit tristate buffer for signal <A<7>> created at line 66
    Found 1-bit tristate buffer for signal <A<6>> created at line 66
    Found 1-bit tristate buffer for signal <A<5>> created at line 66
    Found 1-bit tristate buffer for signal <A<4>> created at line 66
    Found 1-bit tristate buffer for signal <A<3>> created at line 66
    Found 1-bit tristate buffer for signal <A<2>> created at line 66
    Found 1-bit tristate buffer for signal <A<1>> created at line 66
    Found 1-bit tristate buffer for signal <A<0>> created at line 66
    Found 1-bit tristate buffer for signal <B<15>> created at line 69
    Found 1-bit tristate buffer for signal <B<14>> created at line 69
    Found 1-bit tristate buffer for signal <B<13>> created at line 69
    Found 1-bit tristate buffer for signal <B<12>> created at line 69
    Found 1-bit tristate buffer for signal <B<11>> created at line 69
    Found 1-bit tristate buffer for signal <B<10>> created at line 69
    Found 1-bit tristate buffer for signal <B<9>> created at line 69
    Found 1-bit tristate buffer for signal <B<8>> created at line 69
    Found 1-bit tristate buffer for signal <B<7>> created at line 69
    Found 1-bit tristate buffer for signal <B<6>> created at line 69
    Found 1-bit tristate buffer for signal <B<5>> created at line 69
    Found 1-bit tristate buffer for signal <B<4>> created at line 69
    Found 1-bit tristate buffer for signal <B<3>> created at line 69
    Found 1-bit tristate buffer for signal <B<2>> created at line 69
    Found 1-bit tristate buffer for signal <B<1>> created at line 69
    Found 1-bit tristate buffer for signal <B<0>> created at line 69
    Found 1-bit tristate buffer for signal <A<15>> created at line 66
    Found 1-bit tristate buffer for signal <A<14>> created at line 66
    Found 1-bit tristate buffer for signal <A<13>> created at line 66
    Found 1-bit tristate buffer for signal <A<12>> created at line 66
    Found 1-bit tristate buffer for signal <A<11>> created at line 66
    Found 1-bit tristate buffer for signal <A<10>> created at line 66
    Found 1-bit tristate buffer for signal <A<9>> created at line 66
    Found 1-bit tristate buffer for signal <A<8>> created at line 66
    Found 1-bit tristate buffer for signal <A<7>> created at line 66
    Found 1-bit tristate buffer for signal <A<6>> created at line 66
    Found 1-bit tristate buffer for signal <A<5>> created at line 66
    Found 1-bit tristate buffer for signal <A<4>> created at line 66
    Found 1-bit tristate buffer for signal <A<3>> created at line 66
    Found 1-bit tristate buffer for signal <A<2>> created at line 66
    Found 1-bit tristate buffer for signal <A<1>> created at line 66
    Found 1-bit tristate buffer for signal <A<0>> created at line 66
    Found 1-bit tristate buffer for signal <B<15>> created at line 69
    Found 1-bit tristate buffer for signal <B<14>> created at line 69
    Found 1-bit tristate buffer for signal <B<13>> created at line 69
    Found 1-bit tristate buffer for signal <B<12>> created at line 69
    Found 1-bit tristate buffer for signal <B<11>> created at line 69
    Found 1-bit tristate buffer for signal <B<10>> created at line 69
    Found 1-bit tristate buffer for signal <B<9>> created at line 69
    Found 1-bit tristate buffer for signal <B<8>> created at line 69
    Found 1-bit tristate buffer for signal <B<7>> created at line 69
    Found 1-bit tristate buffer for signal <B<6>> created at line 69
    Found 1-bit tristate buffer for signal <B<5>> created at line 69
    Found 1-bit tristate buffer for signal <B<4>> created at line 69
    Found 1-bit tristate buffer for signal <B<3>> created at line 69
    Found 1-bit tristate buffer for signal <B<2>> created at line 69
    Found 1-bit tristate buffer for signal <B<1>> created at line 69
    Found 1-bit tristate buffer for signal <B<0>> created at line 69
    Found 1-bit tristate buffer for signal <A<15>> created at line 66
    Found 1-bit tristate buffer for signal <A<14>> created at line 66
    Found 1-bit tristate buffer for signal <A<13>> created at line 66
    Found 1-bit tristate buffer for signal <A<12>> created at line 66
    Found 1-bit tristate buffer for signal <A<11>> created at line 66
    Found 1-bit tristate buffer for signal <A<10>> created at line 66
    Found 1-bit tristate buffer for signal <A<9>> created at line 66
    Found 1-bit tristate buffer for signal <A<8>> created at line 66
    Found 1-bit tristate buffer for signal <A<7>> created at line 66
    Found 1-bit tristate buffer for signal <A<6>> created at line 66
    Found 1-bit tristate buffer for signal <A<5>> created at line 66
    Found 1-bit tristate buffer for signal <A<4>> created at line 66
    Found 1-bit tristate buffer for signal <A<3>> created at line 66
    Found 1-bit tristate buffer for signal <A<2>> created at line 66
    Found 1-bit tristate buffer for signal <A<1>> created at line 66
    Found 1-bit tristate buffer for signal <A<0>> created at line 66
    Found 1-bit tristate buffer for signal <B<15>> created at line 69
    Found 1-bit tristate buffer for signal <B<14>> created at line 69
    Found 1-bit tristate buffer for signal <B<13>> created at line 69
    Found 1-bit tristate buffer for signal <B<12>> created at line 69
    Found 1-bit tristate buffer for signal <B<11>> created at line 69
    Found 1-bit tristate buffer for signal <B<10>> created at line 69
    Found 1-bit tristate buffer for signal <B<9>> created at line 69
    Found 1-bit tristate buffer for signal <B<8>> created at line 69
    Found 1-bit tristate buffer for signal <B<7>> created at line 69
    Found 1-bit tristate buffer for signal <B<6>> created at line 69
    Found 1-bit tristate buffer for signal <B<5>> created at line 69
    Found 1-bit tristate buffer for signal <B<4>> created at line 69
    Found 1-bit tristate buffer for signal <B<3>> created at line 69
    Found 1-bit tristate buffer for signal <B<2>> created at line 69
    Found 1-bit tristate buffer for signal <B<1>> created at line 69
    Found 1-bit tristate buffer for signal <B<0>> created at line 69
    Summary:
	inferred 224 Tristate(s).
Unit <reg_bank> synthesized.

Synthesizing Unit <dflip>.
    Related source file is "C:\Users\rjm529\CA\Lab2\reg.vhd".
    Found 1-bit register for signal <output>.
    Summary:
	inferred   1 D-type flip-flop(s).
Unit <dflip> synthesized.

=========================================================================
HDL Synthesis Report

Macro Statistics
# Registers                                            : 112
 1-bit register                                        : 112
# Tristates                                            : 224
 1-bit tristate buffer                                 : 224

=========================================================================

=========================================================================
*                       Advanced HDL Synthesis                          *
=========================================================================


=========================================================================
Advanced HDL Synthesis Report

Macro Statistics
# Registers                                            : 112
 Flip-Flops                                            : 112

=========================================================================

=========================================================================
*                         Low Level Synthesis                           *
=========================================================================
WARNING:Xst:2040 - Unit reg_bank: 32 multi-source signals are replaced by logic (pull-up yes): A<0>_MLTSRCEDGE, A<10>_MLTSRCEDGE, A<11>_MLTSRCEDGE, A<12>_MLTSRCEDGE, A<13>_MLTSRCEDGE, A<14>_MLTSRCEDGE, A<15>_MLTSRCEDGE, A<1>_MLTSRCEDGE, A<2>_MLTSRCEDGE, A<3>_MLTSRCEDGE, A<4>_MLTSRCEDGE, A<5>_MLTSRCEDGE, A<6>_MLTSRCEDGE, A<7>_MLTSRCEDGE, A<8>_MLTSRCEDGE, A<9>_MLTSRCEDGE, B<0>_MLTSRCEDGE, B<10>_MLTSRCEDGE, B<11>_MLTSRCEDGE, B<12>_MLTSRCEDGE, B<13>_MLTSRCEDGE, B<14>_MLTSRCEDGE, B<15>_MLTSRCEDGE, B<1>_MLTSRCEDGE, B<2>_MLTSRCEDGE, B<3>_MLTSRCEDGE, B<4>_MLTSRCEDGE, B<5>_MLTSRCEDGE, B<6>_MLTSRCEDGE, B<7>_MLTSRCEDGE, B<8>_MLTSRCEDGE, B<9>_MLTSRCEDGE.

Optimizing unit <reg_bank> ...

Mapping all equations...
Building and optimizing final netlist ...
Found area constraint ratio of 100 (+ 5) on block reg_bank, actual ratio is 0.

Final Macro Processing ...

=========================================================================
Final Register Report

Macro Statistics
# Registers                                            : 112
 Flip-Flops                                            : 112

=========================================================================

=========================================================================
*                           Partition Report                            *
=========================================================================

Partition Implementation Status
-------------------------------

  No Partitions were found in this design.

-------------------------------

=========================================================================
*                            Design Summary                             *
=========================================================================

Top Level Output File Name         : reg_bank.ngc

Primitive and Black Box Usage:
------------------------------
# BELS                             : 105
#      LUT3                        : 2
#      LUT4                        : 7
#      LUT5                        : 63
#      LUT6                        : 32
#      MUXF7                       : 1
# FlipFlops/Latches                : 112
#      FDRE                        : 112
# Clock Buffers                    : 1
#      BUFGP                       : 1
# IO Buffers                       : 59
#      IBUF                        : 27
#      OBUFT                       : 32

Device utilization summary:
---------------------------

Selected Device : 6slx45csg324-3 


Slice Logic Utilization: 
 Number of Slice Registers:             112  out of  54576     0%  
 Number of Slice LUTs:                  104  out of  27288     0%  
    Number used as Logic:               104  out of  27288     0%  

Slice Logic Distribution: 
 Number of LUT Flip Flop pairs used:    125
   Number with an unused Flip Flop:      13  out of    125    10%  
   Number with an unused LUT:            21  out of    125    16%  
   Number of fully used LUT-FF pairs:    91  out of    125    72%  
   Number of unique control sets:         7

IO Utilization: 
 Number of IOs:                          60
 Number of bonded IOBs:                  60  out of    218    27%  

Specific Feature Utilization:
 Number of BUFG/BUFGCTRLs:                1  out of     16     6%  

---------------------------
Partition Resource Summary:
---------------------------

  No Partitions were found in this design.

---------------------------


=========================================================================
Timing Report

NOTE: THESE TIMING NUMBERS ARE ONLY A SYNTHESIS ESTIMATE.
      FOR ACCURATE TIMING INFORMATION PLEASE REFER TO THE TRACE REPORT
      GENERATED AFTER PLACE-and-ROUTE.

Clock Information:
------------------
-----------------------------------+------------------------+-------+
Clock Signal                       | Clock buffer(FF name)  | Load  |
-----------------------------------+------------------------+-------+
clk                                | BUFGP                  | 112   |
-----------------------------------+------------------------+-------+

Asynchronous Control Signals Information:
----------------------------------------
No asynchronous control signals found in this design

Timing Summary:
---------------
Speed Grade: -3

   Minimum period: No path found
   Minimum input arrival time before clock: 3.772ns
   Maximum output required time after clock: 5.774ns
   Maximum combinational path delay: 7.579ns

Timing Details:
---------------
All values displayed in nanoseconds (ns)

=========================================================================
Timing constraint: Default OFFSET IN BEFORE for Clock 'clk'
  Total number of paths / destination ports: 672 / 336
-------------------------------------------------------------------------
Offset:              3.772ns (Levels of Logic = 2)
  Source:            WA<0> (PAD)
  Destination:       whole[7].reg[15].Inst_dflip/output (FF)
  Destination Clock: clk rising

  Data Path: WA<0> to whole[7].reg[15].Inst_dflip/output
                                Gate     Net
    Cell:in->out      fanout   Delay   Delay  Logical Name (Net Name)
    ----------------------------------------  ------------
     IBUF:I->O             7   1.222   1.021  WA_0_IBUF (WA_0_IBUF)
     LUT4:I0->O           16   0.203   1.004  enable_lines<3>1 (enable_lines<3>)
     FDRE:CE                   0.322          whole[3].reg[15].Inst_dflip/output
    ----------------------------------------
    Total                      3.772ns (1.747ns logic, 2.024ns route)
                                       (46.3% logic, 53.7% route)

=========================================================================
Timing constraint: Default OFFSET OUT AFTER for Clock 'clk'
  Total number of paths / destination ports: 224 / 32
-------------------------------------------------------------------------
Offset:              5.774ns (Levels of Logic = 3)
  Source:            whole[3].reg[15].Inst_dflip/output (FF)
  Destination:       A<15> (PAD)
  Source Clock:      clk rising

  Data Path: whole[3].reg[15].Inst_dflip/output to A<15>
                                Gate     Net
    Cell:in->out      fanout   Delay   Delay  Logical Name (Net Name)
    ----------------------------------------  ------------
     FDRE:C->Q             2   0.447   0.845  whole[3].reg[15].Inst_dflip/output (whole[3].reg[15].Inst_dflip/output)
     LUT5:I2->O            1   0.205   0.924  A<15>_MLTSRCEDGELogicTrst2 (A<15>_MLTSRCEDGELogicTrst1)
     LUT6:I1->O            1   0.203   0.579  A<15>_MLTSRCEDGELogicTrst3 (A<15>_MLTSRCEDGE)
     OBUFT:I->O                2.571          A_15_OBUFT (A<15>)
    ----------------------------------------
    Total                      5.774ns (3.426ns logic, 2.348ns route)
                                       (59.3% logic, 40.7% route)

=========================================================================
Timing constraint: Default path analysis
  Total number of paths / destination ports: 318 / 32
-------------------------------------------------------------------------
Delay:               7.579ns (Levels of Logic = 4)
  Source:            RB<1> (PAD)
  Destination:       B<15> (PAD)

  Data Path: RB<1> to B<15>
                                Gate     Net
    Cell:in->out      fanout   Delay   Delay  Logical Name (Net Name)
    ----------------------------------------  ------------
     IBUF:I->O            49   1.222   1.878  RB_1_IBUF (RB_1_IBUF)
     LUT5:I0->O            1   0.203   0.924  B<0>_MLTSRCEDGELogicTrst2 (B<0>_MLTSRCEDGELogicTrst2)
     LUT6:I1->O            1   0.203   0.579  B<0>_MLTSRCEDGELogicTrst3 (B<0>_MLTSRCEDGE)
     OBUFT:I->O                2.571          B_0_OBUFT (B<0>)
    ----------------------------------------
    Total                      7.579ns (4.199ns logic, 3.380ns route)
                                       (55.4% logic, 44.6% route)

=========================================================================

Cross Clock Domains Report:
--------------------------

=========================================================================


Total REAL time to Xst completion: 7.00 secs
Total CPU time to Xst completion: 7.45 secs
 
--> 

Total memory usage is 258488 kilobytes

Number of errors   :    0 (   0 filtered)
Number of warnings :    1 (   0 filtered)
Number of infos    :    0 (   0 filtered)

